#! /usr/bin/vvp
:ivl_version "11.0 (stable)";
:ivl_delay_selection "TYPICAL";
:vpi_time_precision + 0;
:vpi_module "/usr/lib/x86_64-linux-gnu/ivl/system.vpi";
:vpi_module "/usr/lib/x86_64-linux-gnu/ivl/vhdl_sys.vpi";
:vpi_module "/usr/lib/x86_64-linux-gnu/ivl/vhdl_textio.vpi";
:vpi_module "/usr/lib/x86_64-linux-gnu/ivl/v2005_math.vpi";
:vpi_module "/usr/lib/x86_64-linux-gnu/ivl/va_math.vpi";
S_0x55d7c3eaa080 .scope module, "instr_ctl" "instr_ctl" 2 1;
 .timescale 0 0;
    .port_info 0 /INPUT 32 "instruction";
    .port_info 1 /OUTPUT 1 "a_sel";
    .port_info 2 /OUTPUT 1 "b_sel";
    .port_info 3 /OUTPUT 1 "alu_sel";
    .port_info 4 /OUTPUT 1 "mem_wr";
    .port_info 5 /OUTPUT 1 "RegWEn";
    .port_info 6 /OUTPUT 4 "immSel";
    .port_info 7 /OUTPUT 1 "BrUn";
    .port_info 8 /OUTPUT 1 "pc_sel";
    .port_info 9 /OUTPUT 2 "wb_sel";
L_0x55d7c3ed6c20 .functor BUFZ 1, v0x55d7c3ed62f0_0, C4<0>, C4<0>, C4<0>;
L_0x55d7c3ed6cb0 .functor BUFZ 1, v0x55d7c3ed6490_0, C4<0>, C4<0>, C4<0>;
L_0x55d7c3ed6df0 .functor BUFZ 1, v0x55d7c3ed6630_0, C4<0>, C4<0>, C4<0>;
L_0x55d7c3ed6ec0 .functor BUFZ 1, v0x55d7c3ed6230_0, C4<0>, C4<0>, C4<0>;
L_0x55d7c3ed6fc0 .functor BUFZ 4, v0x55d7c3ed6550_0, C4<0000>, C4<0000>, C4<0000>;
L_0x55d7c3ed7090 .functor BUFZ 1, v0x55d7c3ed6170_0, C4<0>, C4<0>, C4<0>;
L_0x55d7c3ed71a0 .functor BUFZ 1, v0x55d7c3ed66f0_0, C4<0>, C4<0>, C4<0>;
L_0x55d7c3ed7240 .functor BUFZ 2, v0x55d7c3ed68c0_0, C4<00>, C4<00>, C4<00>;
v0x55d7c3e82df0_0 .net "BrUn", 0 0, L_0x55d7c3ed7090;  1 drivers
v0x55d7c3ed5b00_0 .net "RegWEn", 0 0, L_0x55d7c3ed6ec0;  1 drivers
v0x55d7c3ed5bc0_0 .net "a_sel", 0 0, L_0x55d7c3ed6c20;  1 drivers
v0x55d7c3ed5c60_0 .net "alu_sel", 0 0, L_0x55d7c3ed6d20;  1 drivers
v0x55d7c3ed5d20_0 .net "b_sel", 0 0, L_0x55d7c3ed6cb0;  1 drivers
v0x55d7c3ed5e30_0 .net "immSel", 3 0, L_0x55d7c3ed6fc0;  1 drivers
o0x7fae3834d138 .functor BUFZ 32, C4<zzzzzzzzzzzzzzzzzzzzzzzzzzzzzzzz>; HiZ drive
v0x55d7c3ed5f10_0 .net "instruction", 31 0, o0x7fae3834d138;  0 drivers
v0x55d7c3ed5ff0_0 .net "mem_wr", 0 0, L_0x55d7c3ed6df0;  1 drivers
v0x55d7c3ed60b0_0 .net "pc_sel", 0 0, L_0x55d7c3ed71a0;  1 drivers
v0x55d7c3ed6170_0 .var "r_BrUn", 0 0;
v0x55d7c3ed6230_0 .var "r_RegWEn", 0 0;
v0x55d7c3ed62f0_0 .var "r_a_sel", 0 0;
v0x55d7c3ed63b0_0 .var "r_alu_sel", 3 0;
v0x55d7c3ed6490_0 .var "r_b_sel", 0 0;
v0x55d7c3ed6550_0 .var "r_immSel", 3 0;
v0x55d7c3ed6630_0 .var "r_mem_wr", 0 0;
v0x55d7c3ed66f0_0 .var "r_pc_sel", 0 0;
v0x55d7c3ed68c0_0 .var "r_wb_sel", 1 0;
v0x55d7c3ed69a0_0 .net "wb_sel", 1 0, L_0x55d7c3ed7240;  1 drivers
E_0x55d7c3ebdfe0 .event edge, v0x55d7c3ed5f10_0;
L_0x55d7c3ed6d20 .part v0x55d7c3ed63b0_0, 0, 1;
    .scope S_0x55d7c3eaa080;
T_0 ;
    %wait E_0x55d7c3ebdfe0;
    %load/vec4 v0x55d7c3ed5f10_0;
    %parti/s 7, 0, 2;
    %dup/vec4;
    %pushi/vec4 55, 0, 7;
    %cmp/u;
    %jmp/1 T_0.0, 6;
    %dup/vec4;
    %pushi/vec4 23, 0, 7;
    %cmp/u;
    %jmp/1 T_0.1, 6;
    %dup/vec4;
    %pushi/vec4 111, 0, 7;
    %cmp/u;
    %jmp/1 T_0.2, 6;
    %jmp T_0.3;
T_0.0 ;
    %pushi/vec4 0, 0, 1;
    %assign/vec4 v0x55d7c3ed62f0_0, 0;
    %pushi/vec4 1, 0, 1;
    %assign/vec4 v0x55d7c3ed6490_0, 0;
    %pushi/vec4 9, 0, 4;
    %assign/vec4 v0x55d7c3ed63b0_0, 0;
    %pushi/vec4 0, 0, 1;
    %assign/vec4 v0x55d7c3ed6630_0, 0;
    %pushi/vec4 1, 0, 1;
    %assign/vec4 v0x55d7c3ed6230_0, 0;
    %pushi/vec4 4, 0, 4;
    %assign/vec4 v0x55d7c3ed6550_0, 0;
    %pushi/vec4 1, 1, 1;
    %assign/vec4 v0x55d7c3ed6170_0, 0;
    %pushi/vec4 0, 0, 1;
    %assign/vec4 v0x55d7c3ed66f0_0, 0;
    %pushi/vec4 1, 0, 2;
    %assign/vec4 v0x55d7c3ed68c0_0, 0;
    %jmp T_0.3;
T_0.1 ;
    %pushi/vec4 1, 0, 1;
    %assign/vec4 v0x55d7c3ed62f0_0, 0;
    %pushi/vec4 1, 0, 1;
    %assign/vec4 v0x55d7c3ed6490_0, 0;
    %pushi/vec4 2, 0, 4;
    %assign/vec4 v0x55d7c3ed63b0_0, 0;
    %pushi/vec4 0, 0, 1;
    %assign/vec4 v0x55d7c3ed6630_0, 0;
    %pushi/vec4 1, 0, 1;
    %assign/vec4 v0x55d7c3ed6230_0, 0;
    %pushi/vec4 4, 0, 4;
    %assign/vec4 v0x55d7c3ed6550_0, 0;
    %pushi/vec4 1, 1, 1;
    %assign/vec4 v0x55d7c3ed6170_0, 0;
    %pushi/vec4 0, 0, 1;
    %assign/vec4 v0x55d7c3ed66f0_0, 0;
    %pushi/vec4 1, 0, 2;
    %assign/vec4 v0x55d7c3ed68c0_0, 0;
    %jmp T_0.3;
T_0.2 ;
    %pushi/vec4 1, 0, 1;
    %assign/vec4 v0x55d7c3ed62f0_0, 0;
    %pushi/vec4 1, 0, 1;
    %assign/vec4 v0x55d7c3ed6490_0, 0;
    %pushi/vec4 2, 0, 4;
    %assign/vec4 v0x55d7c3ed63b0_0, 0;
    %pushi/vec4 0, 0, 1;
    %assign/vec4 v0x55d7c3ed6630_0, 0;
    %pushi/vec4 5, 0, 4;
    %assign/vec4 v0x55d7c3ed6550_0, 0;
    %pushi/vec4 1, 1, 1;
    %assign/vec4 v0x55d7c3ed6170_0, 0;
    %pushi/vec4 1, 0, 1;
    %assign/vec4 v0x55d7c3ed66f0_0, 0;
    %pushi/vec4 2, 0, 2;
    %assign/vec4 v0x55d7c3ed68c0_0, 0;
    %jmp T_0.3;
T_0.3 ;
    %pop/vec4 1;
    %jmp T_0;
    .thread T_0, $push;
# The file index is used to find the file name in the following table.
:file_names 3;
    "N/A";
    "<interactive>";
    "AluSel/ALUSEL.v";
